2/9/2022 9:10:16 AM	This log contains information about the import schema operation into project 'DB' on computer 'MUHAMMAD-MAHER' by user 'Muhammad.Maher'.
2/9/2022 9:10:17 AM	Import of database schema has started.
2/9/2022 9:10:31 AM	Gathering database credentials
2/9/2022 9:10:31 AM	Gathering database options
2/9/2022 9:10:31 AM	Gathering generic database scoped configuration option
2/9/2022 9:10:31 AM	Gathering users
2/9/2022 9:10:31 AM	Gathering roles
2/9/2022 9:10:31 AM	Gathering application roles
2/9/2022 9:10:31 AM	Gathering role memberships
2/9/2022 9:10:31 AM	Gathering filegroups
2/9/2022 9:10:31 AM	Gathering full-text catalogs
2/9/2022 9:10:31 AM	Gathering assemblies
2/9/2022 9:10:31 AM	Gathering certificates
2/9/2022 9:10:31 AM	Gathering asymmetric keys
2/9/2022 9:10:31 AM	Gathering symmetric keys
2/9/2022 9:10:31 AM	Gathering encrypted symmetric keys
2/9/2022 9:10:31 AM	Gathering schemas
2/9/2022 9:10:31 AM	Gathering XML schema collections
2/9/2022 9:10:31 AM	Gathering user-defined data types
2/9/2022 9:10:31 AM	Gathering user-defined types
2/9/2022 9:10:31 AM	Gathering table types
2/9/2022 9:10:31 AM	Gathering unique keys for table types
2/9/2022 9:10:31 AM	Gathering primary keys for table types
2/9/2022 9:10:31 AM	Gathering indexes for table types
2/9/2022 9:10:31 AM	Gathering check constraints for table types
2/9/2022 9:10:31 AM	Gathering default constraints for table types
2/9/2022 9:10:31 AM	Gathering partition functions
2/9/2022 9:10:31 AM	Gathering partition schemes
2/9/2022 9:10:31 AM	Gathering functions
2/9/2022 9:10:31 AM	Gathering encrypted functions
2/9/2022 9:10:31 AM	Gathering aggregates
2/9/2022 9:10:31 AM	Gathering procedures
2/9/2022 9:10:31 AM	Gathering encrypted procedures
2/9/2022 9:10:31 AM	Gathering tables
2/9/2022 9:10:31 AM	Gathering primary keys
2/9/2022 9:10:31 AM	Gathering unique constraints
2/9/2022 9:10:31 AM	Gathering foreign keys
2/9/2022 9:10:31 AM	Gathering default constraints
2/9/2022 9:10:31 AM	Gathering check constraints
2/9/2022 9:10:31 AM	Gathering views
2/9/2022 9:10:31 AM	Gathering encrypted views
2/9/2022 9:10:31 AM	Gathering indexes
2/9/2022 9:10:31 AM	Gathering statistics
2/9/2022 9:10:31 AM	Gathering full-text index stoplists
2/9/2022 9:10:31 AM	Gathering search property lists
2/9/2022 9:10:31 AM	Gathering search properties
2/9/2022 9:10:31 AM	Gathering full-text indexes
2/9/2022 9:10:31 AM	Gathering column store indexes
2/9/2022 9:10:31 AM	Gathering spatial indexes
2/9/2022 9:10:31 AM	Gathering XML indexes
2/9/2022 9:10:31 AM	Gathering Selective XML indexes
2/9/2022 9:10:31 AM	Gathering encrypted triggers
2/9/2022 9:10:31 AM	Gathering triggers
2/9/2022 9:10:32 AM	Gathering encrypted and clr ddl triggers
2/9/2022 9:10:32 AM	Gathering ddl triggers
2/9/2022 9:10:32 AM	Gathering synonyms
2/9/2022 9:10:32 AM	Gathering defaults
2/9/2022 9:10:32 AM	Gathering data constraint uddt bindings
2/9/2022 9:10:32 AM	Gathering rules
2/9/2022 9:10:32 AM	Gathering data constraint uddt bindings
2/9/2022 9:10:32 AM	Gathering message types
2/9/2022 9:10:32 AM	Gathering queues
2/9/2022 9:10:32 AM	Gathering contracts
2/9/2022 9:10:32 AM	Gathering services
2/9/2022 9:10:32 AM	Gathering event notifications
2/9/2022 9:10:32 AM	Gathering remote service bindings
2/9/2022 9:10:32 AM	Gathering broker priorities
2/9/2022 9:10:33 AM	Gathering signatures
2/9/2022 9:10:33 AM	Gathering data compression options
2/9/2022 9:10:33 AM	Gathering sequence types
2/9/2022 9:10:33 AM	Gathering security policies
2/9/2022 9:10:33 AM	Gather column encryption keys
2/9/2022 9:10:33 AM	Gathering column master keys
2/9/2022 9:10:33 AM	Gathering external data sources
2/9/2022 9:10:34 AM	Gathering external file formats
2/9/2022 9:10:34 AM	Gathering external tables
2/9/2022 9:10:34 AM	Gathering database permissions
2/9/2022 9:10:36 AM	Gathering extended properties
2/9/2022 9:10:39 AM	Gathering credentials
2/9/2022 9:10:39 AM	Gathering logins
2/9/2022 9:10:39 AM	Gathering server audits
2/9/2022 9:10:40 AM	Scanning project for duplicate elements
2/9/2022 9:10:41 AM	Finished duplicate element processing
2/9/2022 9:10:42 AM	Finished importing database.
2/9/2022 9:10:42 AM	A summary of the import was saved to the following location: C:\Users\Muhammad.Maher\source\repos\AlShaffey\UncommonT-SQLusingSQLServer\VS_UncommonT-SQL\DB\Import Schema Logs\DB_20220209071016.log
2/9/2022 9:10:42 AM	Click Finish to continue...
